<?xml version="1.0" encoding="UTF-8"?>
<!-- Generated by org.testng.reporters.JUnitReportReporter -->
<testsuite hostname="Asplap3106" failures="0" tests="1" name="rahulshettyacademy.tests.ErrorValidationTest" time="3.614" errors="0" timestamp="2025-03-15T11:10:17 IST" skipped="0">
  <testcase classname="rahulshettyacademy.tests.ErrorValidationTest" name="LoginErrorValidation" time="3.614"/>
</testsuite> <!-- rahulshettyacademy.tests.ErrorValidationTest -->
