<?xml version="1.0" encoding="UTF-8"?>
<!-- Generated by org.testng.reporters.JUnitReportReporter -->
<testsuite hostname="DineshBalaji" failures="0" tests="3" name="rahulshettyacademy.tests.StandAloneTest" time="78.584" errors="0" timestamp="2025-06-06T07:55:28 IST" skipped="0">
  <testcase classname="rahulshettyacademy.tests.StandAloneTest" name="SubmitOrder" time="26.466"/>
  <testcase classname="rahulshettyacademy.tests.StandAloneTest" name="orderHistoryTest" time="6.489"/>
  <testcase classname="rahulshettyacademy.tests.StandAloneTest" name="SubmitOrder" time="45.629"/>
</testsuite> <!-- rahulshettyacademy.tests.StandAloneTest -->
